<?xml version="1.0" encoding="UTF-8"?>
<robot generator="Robot 7.3.2 (Python 3.13.7 on linux)" generated="2025-09-28T19:03:15.264749" rpa="false" schemaversion="5">
<suite id="s1" name="Tests" source="/work/tests">
<suite id="s1-s1" name="Simple" source="/work/tests/simple.robot">
<test id="s1-s1-t1" name="Generate User For Signup" line="12">
<kw name="Generate Test Data" owner="AITestData">
<msg time="2025-09-28T19:03:17.632220" level="INFO">${user} = {'first_name': 'John', 'last_name': 'Doe', 'email': 'john.doe@example.com', 'phone': '+436701234567', 'password': 'P@ssw0rd123', 'country': 'AT'}</msg>
<var>${user}</var>
<arg>type=user_profile</arg>
<arg>country=${COUNTRY}</arg>
<arg>password_policy=strong</arg>
<doc>Example: ${user}=  Generate Test Data  type=user_profile  country=AT  password_policy=strong
Returns a Python dict.</doc>
<status status="PASS" start="2025-09-28T19:03:15.344370" elapsed="2.287892"/>
</kw>
<kw name="Log" owner="BuiltIn">
<msg time="2025-09-28T19:03:17.632585" level="INFO">{'first_name': 'John', 'last_name': 'Doe', 'email': 'john.doe@example.com', 'phone': '+436701234567', 'password': 'P@ssw0rd123', 'country': 'AT'}</msg>
<arg>${user}</arg>
<doc>Logs the given message with the given level.</doc>
<status status="PASS" start="2025-09-28T19:03:17.632452" elapsed="0.000168"/>
</kw>
<kw name="Get From Dictionary" owner="Collections">
<msg time="2025-09-28T19:03:17.632772" level="INFO">${email} = john.doe@example.com</msg>
<var>${email}</var>
<arg>${user}</arg>
<arg>email</arg>
<doc>Returns a value from the given ``dictionary`` based on the given ``key``.</doc>
<status status="PASS" start="2025-09-28T19:03:17.632682" elapsed="0.000103"/>
</kw>
<kw name="Should Contain" owner="BuiltIn">
<arg>${email}</arg>
<arg>@</arg>
<doc>Fails if ``container`` does not contain ``item`` one or more times.</doc>
<status status="PASS" start="2025-09-28T19:03:17.632834" elapsed="0.000065"/>
</kw>
<tag>AI_ANALYZE</tag>
<status status="PASS" start="2025-09-28T19:03:15.343864" elapsed="2.289096"/>
</test>
<test id="s1-s1-t2" name="Failing Example (see AI analysis)" line="18">
<kw name="Should Be Equal As Integers" owner="BuiltIn">
<msg time="2025-09-28T19:03:17.633346" level="FAIL">1 != 2</msg>
<arg>1</arg>
<arg>2</arg>
<doc>Fails if objects are unequal after converting them to integers.</doc>
<status status="FAIL" start="2025-09-28T19:03:17.633234" elapsed="0.000200">1 != 2</status>
</kw>
<msg time="2025-09-28T19:03:19.889338" level="WARN">AI analysis:
**Next steps – I need a bit more context to help you:**

- What Robot Framework keyword (or Selenium code) is producing the `1 != 2` assertion?  
- What value was expected (`2`) and what value was actually returned (`1`)?  
- Which element or variable is being compared?  
- Are you using any explicit waits or implicit waits before the comparison?  
- What OS, Chrome, and ChromeDriver versions are you running (if any)?  

Once I have those details I can suggest concrete fixes—e.g., a more robust locator, a longer wait, or a review of the test logic.</msg>
<tag>AI_ANALYZE</tag>
<status status="FAIL" start="2025-09-28T19:03:17.633079" elapsed="0.000433">1 != 2</status>
</test>
<test id="s1-s1-t3" name="Selenium Test With AI" line="22">
<kw name="Open Browser" owner="SeleniumLibrary">
<msg time="2025-09-28T19:03:19.892137" level="INFO">Opening browser 'googlechrome' to base url ''.</msg>
<msg time="2025-09-28T19:03:19.894914" level="INFO">Cannot capture screenshot because no browser is open.</msg>
<msg time="2025-09-28T19:03:19.895022" level="FAIL">NoSuchDriverException: Message: Unable to obtain driver for chrome; For documentation on this error, please visit: https://www.selenium.dev/documentation/webdriver/troubleshooting/errors/driver_location
</msg>
<arg>${EMPTY}</arg>
<arg>googlechrome</arg>
<doc>Opens a new browser instance to the optional ``url``.</doc>
<status status="FAIL" start="2025-09-28T19:03:19.891390" elapsed="0.007126">NoSuchDriverException: Message: Unable to obtain driver for chrome; For documentation on this error, please visit: https://www.selenium.dev/documentation/webdriver/troubleshooting/errors/driver_location
</status>
</kw>
<kw name="Go To" owner="SeleniumLibrary">
<arg>https://demoqa.com/</arg>
<doc>Navigates the current browser window to the provided ``url``.</doc>
<status status="NOT RUN" start="2025-09-28T19:03:19.898773" elapsed="0.000030"/>
</kw>
<kw name="Maximize Browser Window" owner="SeleniumLibrary">
<doc>Maximizes current browser window.</doc>
<status status="NOT RUN" start="2025-09-28T19:03:19.898870" elapsed="0.000018"/>
</kw>
<kw name="Wait Until Page Contains Element" owner="SeleniumLibrary">
<arg>//div[@class="card mt-4 top-card"][2]/div[1]</arg>
<doc>Waits until the element ``locator`` appears on the current page.</doc>
<status status="NOT RUN" start="2025-09-28T19:03:19.898941" elapsed="0.000010"/>
</kw>
<kw name="Click Element" owner="SeleniumLibrary">
<arg>//div[@class="card mt-4 top-card"][2]/div[1]</arg>
<doc>Click the element identified by ``locator``.</doc>
<status status="NOT RUN" start="2025-09-28T19:03:19.899117" elapsed="0.000025"/>
</kw>
<kw name="Wait Until Page Contains" owner="SeleniumLibrary">
<arg>Student Registration Form</arg>
<doc>Waits until ``text`` appears on the current page.</doc>
<status status="NOT RUN" start="2025-09-28T19:03:19.899226" elapsed="0.000016"/>
</kw>
<msg time="2025-09-28T19:03:37.882046" level="WARN">AI analysis:
**Root cause**  
- `NoSuchDriverException: Unable to obtain driver for chrome` means Selenium cannot find a usable ChromeDriver binary.

**Key points to check**

- **Driver presence** – Is `chromedriver` installed on the machine?  
  - On Windows: `chromedriver.exe` in a folder on the `PATH`.  
  - On macOS/Linux: `chromedriver` binary in a folder on the `PATH` or a known location.  
- **Version compatibility** – The ChromeDriver version must match the installed Chrome browser (major version).  
  - Use `chromedriver --version` and `google-chrome --version` (or `chrome://version/`) to compare.  
- **Explicit path** – If the driver isn’t on the `PATH`, supply it explicitly:  
  ```python
  driver = webdriver.Chrome(executable_path="/path/to/chromedriver")
  ```  
  In Robot Framework:  
  ```robot
  Open Browser  https://example.com  chrome  executable_path=/path/to/chromedriver
  ```  
- **Permissions** – Ensure the binary is executable (`chmod +x chromedriver` on Unix).  
- **CI/Container** – Verify the image or runner includes the driver and that it’s in the `PATH`.  
- **Remote/WebDriver** – If using a Selenium Grid or remote server, that node must have the driver installed.  

**Quick fixes**

1. Install the driver via a package manager or `webdriver-manager`:  
   ```bash
   pip install webdriver-manager
   from webdriver_manager.chrome import ChromeDriverManager
   driver = webdriver.Chrome(ChromeDriverManager().install())
   ```
2. Add the driver directory to the system `PATH`.  
3. Update Chrome or ChromeDriver to matching major versions.  

**Next steps**

- Confirm OS, Selenium version, and Chrome version to tailor the exact command.  
- Verify the driver’s location and permissions.  
- If using SeleniumLibrary, set the `executable_path` argument in `Open Browser`.</msg>
<tag>ai</tag>
<tag>AI_ANALYZE</tag>
<status status="FAIL" start="2025-09-28T19:03:19.890700" elapsed="0.008660">NoSuchDriverException: Message: Unable to obtain driver for chrome; For documentation on this error, please visit: https://www.selenium.dev/documentation/webdriver/troubleshooting/errors/driver_location
</status>
</test>
<status status="FAIL" start="2025-09-28T19:03:15.295623" elapsed="22.590890"/>
</suite>
<status status="FAIL" start="2025-09-28T19:03:15.288381" elapsed="22.599107"/>
</suite>
<statistics>
<total>
<stat pass="1" fail="2" skip="0">All Tests</stat>
</total>
<tag>
<stat pass="0" fail="1" skip="0">ai</stat>
<stat pass="1" fail="2" skip="0">AI_ANALYZE</stat>
</tag>
<suite>
<stat name="Tests" id="s1" pass="1" fail="2" skip="0">Tests</stat>
<stat name="Simple" id="s1-s1" pass="1" fail="2" skip="0">Tests.Simple</stat>
</suite>
</statistics>
<errors>
<msg time="2025-09-28T19:03:19.889338" level="WARN">AI analysis:
**Next steps – I need a bit more context to help you:**

- What Robot Framework keyword (or Selenium code) is producing the `1 != 2` assertion?  
- What value was expected (`2`) and what value was actually returned (`1`)?  
- Which element or variable is being compared?  
- Are you using any explicit waits or implicit waits before the comparison?  
- What OS, Chrome, and ChromeDriver versions are you running (if any)?  

Once I have those details I can suggest concrete fixes—e.g., a more robust locator, a longer wait, or a review of the test logic.</msg>
<msg time="2025-09-28T19:03:37.882046" level="WARN">AI analysis:
**Root cause**  
- `NoSuchDriverException: Unable to obtain driver for chrome` means Selenium cannot find a usable ChromeDriver binary.

**Key points to check**

- **Driver presence** – Is `chromedriver` installed on the machine?  
  - On Windows: `chromedriver.exe` in a folder on the `PATH`.  
  - On macOS/Linux: `chromedriver` binary in a folder on the `PATH` or a known location.  
- **Version compatibility** – The ChromeDriver version must match the installed Chrome browser (major version).  
  - Use `chromedriver --version` and `google-chrome --version` (or `chrome://version/`) to compare.  
- **Explicit path** – If the driver isn’t on the `PATH`, supply it explicitly:  
  ```python
  driver = webdriver.Chrome(executable_path="/path/to/chromedriver")
  ```  
  In Robot Framework:  
  ```robot
  Open Browser  https://example.com  chrome  executable_path=/path/to/chromedriver
  ```  
- **Permissions** – Ensure the binary is executable (`chmod +x chromedriver` on Unix).  
- **CI/Container** – Verify the image or runner includes the driver and that it’s in the `PATH`.  
- **Remote/WebDriver** – If using a Selenium Grid or remote server, that node must have the driver installed.  

**Quick fixes**

1. Install the driver via a package manager or `webdriver-manager`:  
   ```bash
   pip install webdriver-manager
   from webdriver_manager.chrome import ChromeDriverManager
   driver = webdriver.Chrome(ChromeDriverManager().install())
   ```
2. Add the driver directory to the system `PATH`.  
3. Update Chrome or ChromeDriver to matching major versions.  

**Next steps**

- Confirm OS, Selenium version, and Chrome version to tailor the exact command.  
- Verify the driver’s location and permissions.  
- If using SeleniumLibrary, set the `executable_path` argument in `Open Browser`.</msg>
</errors>
</robot>
